<?xml version="1.0" encoding="UTF-8"?>
<!-- Generated by org.testng.reporters.JUnitReportReporter -->
<testsuite hostname="SaiPramuBlueBerry1" name="example.SecondTest" tests="1" failures="0" timestamp="21 Apr 2016 08:39:07 GMT" time="0.028" errors="0">
  <testcase name="testEasy" time="0.028" classname="example.SecondTest"/>
</testsuite> <!-- example.SecondTest -->
