<?xml version="1.0" encoding="UTF-8"?>
<!-- Generated by org.testng.reporters.JUnitReportReporter -->
<testsuite hostname="SaiPramuBlueBerry1" name="example.SecondTest" tests="1" failures="0" timestamp="20 Apr 2016 11:22:43 GMT" time="12.632" errors="0">
  <testcase name="testEasy" time="12.632" classname="example.SecondTest"/>
</testsuite> <!-- example.SecondTest -->
