<?xml version="1.0" encoding="UTF-8"?>
<!-- Generated by org.testng.reporters.JUnitReportReporter -->
<testsuite hostname="SaiPramuBlueBerry1" name="example.SecondTest" tests="1" failures="0" timestamp="20 Apr 2016 11:26:16 GMT" time="7.774" errors="0">
  <testcase name="testEasy" time="7.774" classname="example.SecondTest"/>
</testsuite> <!-- example.SecondTest -->
